0 info it worked if it ends with ok
1 verbose cli [ 'C:\\Program Files\\nodejs\\node.exe',
1 verbose cli   'C:\\Program Files\\nodejs\\node_modules\\npm\\bin\\npm-cli.js',
1 verbose cli   'run',
1 verbose cli   'dev' ]
2 info using npm@3.10.8
3 info using node@v6.9.1
4 verbose run-script [ 'predev', 'dev', 'postdev' ]
5 info lifecycle react-starter@0.0.1~predev: react-starter@0.0.1
6 silly lifecycle react-starter@0.0.1~predev: no script for predev, continuing
7 info lifecycle react-starter@0.0.1~dev: react-starter@0.0.1
8 verbose lifecycle react-starter@0.0.1~dev: unsafe-perm in lifecycle true
9 verbose lifecycle react-starter@0.0.1~dev: PATH: C:\Program Files\nodejs\node_modules\npm\bin\node-gyp-bin;C:\Users\Arman Elahi\Documents\GitHub\elahi-arman.github.io\node_modules\.bin;C:\Program Files\Docker\Docker\Resources\bin;C:\WINDOWS\system32;C:\WINDOWS;C:\WINDOWS\System32\Wbem;C:\WINDOWS\System32\WindowsPowerShell\v1.0\;C:\Program Files\nodejs\;C:\Users\Arman Elahi\AppData\Local\Programs\Python\Python35\Scripts\;C:\Users\Arman Elahi\AppData\Local\Programs\Python\Python35\;C:\Program Files (x86)\Elm Platform\0.18\bin;C:\Users\Arman Elahi\AppData\Local\Microsoft\WindowsApps;C:\Users\Arman Elahi\AppData\Roaming\npm;C:\Users\Arman Elahi\AppData\Local\atom\bin;C:\Users\Arman Elahi\AppData\Local\GitHub\PortableGit_f02737a78695063deace08e96d5042710d3e32db\cmd;%USERPROFILE%\AppData\Local\Microsoft\WindowsApps;
10 verbose lifecycle react-starter@0.0.1~dev: CWD: C:\Users\Arman Elahi\Documents\GitHub\elahi-arman.github.io
11 silly lifecycle react-starter@0.0.1~dev: Args: [ '/d /s /c', 'webpack -d --watch' ]
12 verbose stack Error: kill ENOSYS
12 verbose stack     at exports._errnoException (util.js:1026:11)
12 verbose stack     at process.kill (internal/process.js:172:13)
12 verbose stack     at process.listener (C:\Program Files\nodejs\node_modules\npm\node_modules\npmlog\node_modules\gauge\node_modules\signal-exit\index.js:86:15)
12 verbose stack     at emitNone (events.js:91:20)
12 verbose stack     at process.emit (events.js:185:7)
12 verbose stack     at processEmit (C:\Program Files\nodejs\node_modules\npm\node_modules\npmlog\node_modules\gauge\node_modules\signal-exit\index.js:146:32)
12 verbose stack     at processEmit (C:\Program Files\nodejs\node_modules\npm\node_modules\npm-registry-client\node_modules\npmlog\node_modules\gauge\node_modules\signal-exit\index.js:146:32)
12 verbose stack     at Signal.wrap.onsignal (internal/process.js:199:44)
13 verbose cwd C:\Users\Arman Elahi\Documents\GitHub\elahi-arman.github.io
14 error Windows_NT 10.0.15063
15 error argv "C:\\Program Files\\nodejs\\node.exe" "C:\\Program Files\\nodejs\\node_modules\\npm\\bin\\npm-cli.js" "run" "dev"
16 error node v6.9.1
17 error npm  v3.10.8
18 error code ENOSYS
19 error errno ENOSYS
20 error syscall kill
21 error kill ENOSYS
22 error If you need help, you may report this error at:
22 error     <https://github.com/npm/npm/issues>
23 verbose exit [ 1, true ]
